HTTP/1.1 200 OK
Server: nginx
Date: Tue, 29 Mar 2016 13:05:01 GMT
Content-Type: text/plain; charset=utf-8
Connection: close
Vary: Cookie

nochg 49.79.71.19
HTTP/1.1 200 OK
Server: nginx
Date: Tue, 29 Mar 2016 13:10:02 GMT
Content-Type: text/plain; charset=utf-8
Connection: close
Vary: Cookie

nochg 49.79.71.19
HTTP/1.1 200 OK
Server: nginx
Date: Tue, 29 Mar 2016 13:15:01 GMT
Content-Type: text/plain; charset=utf-8
Connection: close
Vary: Cookie

nochg 49.79.71.19
HTTP/1.1 200 OK
Server: nginx
Date: Tue, 29 Mar 2016 13:20:01 GMT
Content-Type: text/plain; charset=utf-8
Connection: close
Vary: Cookie

nochg 49.79.71.19
HTTP/1.1 200 OK
Server: nginx
Date: Tue, 29 Mar 2016 13:25:01 GMT
Content-Type: text/plain; charset=utf-8
Connection: close
Vary: Cookie

good 49.79.71.19
HTTP/1.1 200 OK
Server: nginx
Date: Tue, 29 Mar 2016 13:30:01 GMT
Content-Type: text/plain; charset=utf-8
Connection: close
Vary: Cookie

nochg 49.79.71.19
HTTP/1.1 200 OK
Server: nginx
Date: Tue, 29 Mar 2016 13:35:01 GMT
Content-Type: text/plain; charset=utf-8
Connection: close
Vary: Cookie

nochg 49.79.71.19
HTTP/1.1 200 OK
Server: nginx
Date: Tue, 29 Mar 2016 13:40:01 GMT
Content-Type: text/plain; charset=utf-8
Connection: close
Vary: Cookie

nochg 49.79.71.19
HTTP/1.1 200 OK
Server: nginx
Date: Tue, 29 Mar 2016 13:45:01 GMT
Content-Type: text/plain; charset=utf-8
Connection: close
Vary: Cookie

nochg 49.79.71.19
HTTP/1.1 200 OK
Server: nginx
Date: Tue, 29 Mar 2016 13:50:02 GMT
Content-Type: text/plain; charset=utf-8
Connection: close
Vary: Cookie

nochg 49.79.71.19
HTTP/1.1 200 OK
Server: nginx
Date: Tue, 29 Mar 2016 13:55:01 GMT
Content-Type: text/plain; charset=utf-8
Connection: close
Vary: Cookie

nochg 49.79.71.19
HTTP/1.1 200 OK
Server: nginx
Date: Tue, 29 Mar 2016 14:00:02 GMT
Content-Type: text/plain; charset=utf-8
Connection: close
Vary: Cookie

good 49.79.71.19
HTTP/1.1 200 OK
Server: nginx
Date: Tue, 29 Mar 2016 14:05:01 GMT
Content-Type: text/plain; charset=utf-8
Connection: close
Vary: Cookie

nochg 49.79.71.19
HTTP/1.1 200 OK
Server: nginx
Date: Tue, 29 Mar 2016 14:10:02 GMT
Content-Type: text/plain; charset=utf-8
Connection: close
Vary: Cookie

nochg 49.79.71.19
HTTP/1.1 200 OK
Server: nginx
Date: Tue, 29 Mar 2016 14:15:01 GMT
Content-Type: text/plain; charset=utf-8
Connection: close
Vary: Cookie

nochg 49.79.71.19
HTTP/1.1 200 OK
Server: nginx
Date: Tue, 29 Mar 2016 14:20:01 GMT
Content-Type: text/plain; charset=utf-8
Connection: close
Vary: Cookie

nochg 49.79.71.19
HTTP/1.1 200 OK
Server: nginx
Date: Tue, 29 Mar 2016 14:25:01 GMT
Content-Type: text/plain; charset=utf-8
Connection: close
Vary: Cookie

nochg 49.79.71.19
HTTP/1.1 200 OK
Server: nginx
Date: Tue, 29 Mar 2016 14:30:02 GMT
Content-Type: text/plain; charset=utf-8
Connection: close
Vary: Cookie

nochg 49.79.71.19
HTTP/1.1 200 OK
Server: nginx
Date: Tue, 29 Mar 2016 14:35:02 GMT
Content-Type: text/plain; charset=utf-8
Connection: close
Vary: Cookie

good 49.79.71.19
HTTP/1.1 200 OK
Server: nginx
Date: Tue, 29 Mar 2016 14:40:01 GMT
Content-Type: text/plain; charset=utf-8
Connection: close
Vary: Cookie

nochg 49.79.71.19
HTTP/1.1 200 OK
Server: nginx
Date: Tue, 29 Mar 2016 14:45:01 GMT
Content-Type: text/plain; charset=utf-8
Connection: close
Vary: Cookie

nochg 49.79.71.19
HTTP/1.1 200 OK
Server: nginx
Date: Tue, 29 Mar 2016 14:50:01 GMT
Content-Type: text/plain; charset=utf-8
Connection: close
Vary: Cookie

nochg 49.79.71.19
HTTP/1.1 200 OK
Server: nginx
Date: Tue, 29 Mar 2016 14:55:01 GMT
Content-Type: text/plain; charset=utf-8
Connection: close
Vary: Cookie

nochg 49.79.71.19
HTTP/1.1 200 OK
Server: nginx
Date: Tue, 29 Mar 2016 15:00:02 GMT
Content-Type: text/plain; charset=utf-8
Connection: close
Vary: Cookie

nochg 49.79.71.19
HTTP/1.1 200 OK
Server: nginx
Date: Tue, 29 Mar 2016 15:05:01 GMT
Content-Type: text/plain; charset=utf-8
Connection: close
Vary: Cookie

nochg 49.79.71.19
HTTP/1.1 200 OK
Server: nginx
Date: Tue, 29 Mar 2016 15:10:02 GMT
Content-Type: text/plain; charset=utf-8
Connection: close
Vary: Cookie

good 49.79.71.19
HTTP/1.1 200 OK
Server: nginx
Date: Tue, 29 Mar 2016 15:15:01 GMT
Content-Type: text/plain; charset=utf-8
Connection: close
Vary: Cookie

nochg 49.79.71.19
HTTP/1.1 200 OK
Server: nginx
Date: Tue, 29 Mar 2016 15:20:01 GMT
Content-Type: text/plain; charset=utf-8
Connection: close
Vary: Cookie

nochg 49.79.71.19
HTTP/1.1 200 OK
Server: nginx
Date: Tue, 29 Mar 2016 15:25:01 GMT
Content-Type: text/plain; charset=utf-8
Connection: close
Vary: Cookie

nochg 49.79.71.19
HTTP/1.1 200 OK
Server: nginx
Date: Tue, 29 Mar 2016 15:30:01 GMT
Content-Type: text/plain; charset=utf-8
Connection: close
Vary: Cookie

nochg 49.79.71.19
HTTP/1.1 200 OK
Server: nginx
Date: Tue, 29 Mar 2016 15:35:01 GMT
Content-Type: text/plain; charset=utf-8
Connection: close
Vary: Cookie

nochg 49.79.71.19
HTTP/1.1 200 OK
Server: nginx
Date: Tue, 29 Mar 2016 15:40:02 GMT
Content-Type: text/plain; charset=utf-8
Connection: close
Vary: Cookie

nochg 49.79.71.19
HTTP/1.1 200 OK
Server: nginx
Date: Tue, 29 Mar 2016 15:45:01 GMT
Content-Type: text/plain; charset=utf-8
Connection: close
Vary: Cookie

good 49.79.71.19
HTTP/1.1 200 OK
Server: nginx
Date: Tue, 29 Mar 2016 15:50:02 GMT
Content-Type: text/plain; charset=utf-8
Connection: close
Vary: Cookie

nochg 49.79.71.19
HTTP/1.1 200 OK
Server: nginx
Date: Tue, 29 Mar 2016 15:55:01 GMT
Content-Type: text/plain; charset=utf-8
Connection: close
Vary: Cookie

nochg 49.79.71.19
HTTP/1.1 200 OK
Server: nginx
Date: Tue, 29 Mar 2016 16:00:02 GMT
Content-Type: text/plain; charset=utf-8
Connection: close
Vary: Cookie

nochg 49.79.71.19
HTTP/1.1 200 OK
Server: nginx
Date: Tue, 29 Mar 2016 16:05:01 GMT
Content-Type: text/plain; charset=utf-8
Connection: close
Vary: Cookie

nochg 49.79.71.19
HTTP/1.1 200 OK
Server: nginx
Date: Tue, 29 Mar 2016 16:10:02 GMT
Content-Type: text/plain; charset=utf-8
Connection: close
Vary: Cookie

nochg 49.79.71.19
HTTP/1.1 200 OK
Server: nginx
Date: Tue, 29 Mar 2016 16:15:01 GMT
Content-Type: text/plain; charset=utf-8
Connection: close
Vary: Cookie

nochg 49.79.71.19
HTTP/1.1 200 OK
Server: nginx
Date: Tue, 29 Mar 2016 16:20:02 GMT
Content-Type: text/plain; charset=utf-8
Connection: close
Vary: Cookie

good 49.79.71.19
HTTP/1.1 200 OK
Server: nginx
Date: Tue, 29 Mar 2016 16:25:01 GMT
Content-Type: text/plain; charset=utf-8
Connection: close
Vary: Cookie

nochg 49.79.71.19
HTTP/1.1 200 OK
Server: nginx
Date: Tue, 29 Mar 2016 16:30:02 GMT
Content-Type: text/plain; charset=utf-8
Connection: close
Vary: Cookie

nochg 49.79.71.19
HTTP/1.1 200 OK
Server: nginx
Date: Tue, 29 Mar 2016 16:35:01 GMT
Content-Type: text/plain; charset=utf-8
Connection: close
Vary: Cookie

nochg 49.79.71.19
HTTP/1.1 200 OK
Server: nginx
Date: Tue, 29 Mar 2016 16:40:02 GMT
Content-Type: text/plain; charset=utf-8
Connection: close
Vary: Cookie

nochg 49.79.71.19
HTTP/1.1 200 OK
Server: nginx
Date: Tue, 29 Mar 2016 16:45:01 GMT
Content-Type: text/plain; charset=utf-8
Connection: close
Vary: Cookie

nochg 49.79.71.19
HTTP/1.1 200 OK
Server: nginx
Date: Tue, 29 Mar 2016 16:50:02 GMT
Content-Type: text/plain; charset=utf-8
Connection: close
Vary: Cookie

nochg 49.79.71.19
HTTP/1.1 200 OK
Server: nginx
Date: Tue, 29 Mar 2016 16:55:01 GMT
Content-Type: text/plain; charset=utf-8
Connection: close
Vary: Cookie

good 49.79.71.19
HTTP/1.1 200 OK
Server: nginx
Date: Tue, 29 Mar 2016 17:00:02 GMT
Content-Type: text/plain; charset=utf-8
Connection: close
Vary: Cookie

nochg 49.79.71.19
HTTP/1.1 200 OK
Server: nginx
Date: Tue, 29 Mar 2016 17:05:01 GMT
Content-Type: text/plain; charset=utf-8
Connection: close
Vary: Cookie

nochg 49.79.71.19
HTTP/1.1 200 OK
Server: nginx
Date: Tue, 29 Mar 2016 17:10:02 GMT
Content-Type: text/plain; charset=utf-8
Connection: close
Vary: Cookie

nochg 49.79.71.19
HTTP/1.1 200 OK
Server: nginx
Date: Tue, 29 Mar 2016 17:15:01 GMT
Content-Type: text/plain; charset=utf-8
Connection: close
Vary: Cookie

nochg 49.79.71.19
HTTP/1.1 200 OK
Server: nginx
Date: Tue, 29 Mar 2016 17:20:02 GMT
Content-Type: text/plain; charset=utf-8
Connection: close
Vary: Cookie

nochg 49.79.71.19
HTTP/1.1 200 OK
Server: nginx
Date: Tue, 29 Mar 2016 17:25:01 GMT
Content-Type: text/plain; charset=utf-8
Connection: close
Vary: Cookie

nochg 49.79.71.19
HTTP/1.1 200 OK
Server: nginx
Date: Tue, 29 Mar 2016 17:30:02 GMT
Content-Type: text/plain; charset=utf-8
Connection: close
Vary: Cookie

good 49.79.71.19
HTTP/1.1 200 OK
Server: nginx
Date: Tue, 29 Mar 2016 17:35:01 GMT
Content-Type: text/plain; charset=utf-8
Connection: close
Vary: Cookie

nochg 49.79.71.19
HTTP/1.1 200 OK
Server: nginx
Date: Tue, 29 Mar 2016 17:40:02 GMT
Content-Type: text/plain; charset=utf-8
Connection: close
Vary: Cookie

nochg 49.79.71.19
HTTP/1.1 200 OK
Server: nginx
Date: Tue, 29 Mar 2016 17:45:01 GMT
Content-Type: text/plain; charset=utf-8
Connection: close
Vary: Cookie

nochg 49.79.71.19
HTTP/1.1 200 OK
Server: nginx
Date: Tue, 29 Mar 2016 17:50:02 GMT
Content-Type: text/plain; charset=utf-8
Connection: close
Vary: Cookie

nochg 49.79.71.19
HTTP/1.1 200 OK
Server: nginx
Date: Tue, 29 Mar 2016 17:55:01 GMT
Content-Type: text/plain; charset=utf-8
Connection: close
Vary: Cookie

nochg 49.79.71.19
HTTP/1.1 200 OK
Server: nginx
Date: Tue, 29 Mar 2016 18:00:02 GMT
Content-Type: text/plain; charset=utf-8
Connection: close
Vary: Cookie

nochg 49.79.71.19
HTTP/1.1 200 OK
Server: nginx
Date: Tue, 29 Mar 2016 18:05:01 GMT
Content-Type: text/plain; charset=utf-8
Connection: close
Vary: Cookie

good 49.79.71.19
HTTP/1.1 200 OK
Server: nginx
Date: Tue, 29 Mar 2016 18:10:01 GMT
Content-Type: text/plain; charset=utf-8
Connection: close
Vary: Cookie

nochg 49.79.71.19
HTTP/1.1 200 OK
Server: nginx
Date: Tue, 29 Mar 2016 18:15:01 GMT
Content-Type: text/plain; charset=utf-8
Connection: close
Vary: Cookie

nochg 49.79.71.19
HTTP/1.1 200 OK
Server: nginx
Date: Tue, 29 Mar 2016 18:20:02 GMT
Content-Type: text/plain; charset=utf-8
Connection: close
Vary: Cookie

nochg 49.79.71.19
HTTP/1.1 200 OK
Server: nginx
Date: Tue, 29 Mar 2016 18:25:01 GMT
Content-Type: text/plain; charset=utf-8
Connection: close
Vary: Cookie

nochg 49.79.71.19
HTTP/1.1 200 OK
Server: nginx
Date: Tue, 29 Mar 2016 18:30:02 GMT
Content-Type: text/plain; charset=utf-8
Connection: close
Vary: Cookie

nochg 49.79.71.19
HTTP/1.1 200 OK
Server: nginx
Date: Tue, 29 Mar 2016 18:35:01 GMT
Content-Type: text/plain; charset=utf-8
Connection: close
Vary: Cookie

nochg 49.79.71.19
HTTP/1.1 200 OK
Server: nginx
Date: Tue, 29 Mar 2016 18:40:02 GMT
Content-Type: text/plain; charset=utf-8
Connection: close
Vary: Cookie

good 49.79.71.19
HTTP/1.1 200 OK
Server: nginx
Date: Tue, 29 Mar 2016 18:45:01 GMT
Content-Type: text/plain; charset=utf-8
Connection: close
Vary: Cookie

nochg 49.79.71.19
HTTP/1.1 200 OK
Server: nginx
Date: Tue, 29 Mar 2016 18:50:01 GMT
Content-Type: text/plain; charset=utf-8
Connection: close
Vary: Cookie

nochg 49.79.71.19
HTTP/1.1 200 OK
Server: nginx
Date: Tue, 29 Mar 2016 18:55:01 GMT
Content-Type: text/plain; charset=utf-8
Connection: close
Vary: Cookie

nochg 49.79.71.19
HTTP/1.1 200 OK
Server: nginx
Date: Tue, 29 Mar 2016 19:00:01 GMT
Content-Type: text/plain; charset=utf-8
Connection: close
Vary: Cookie

nochg 49.79.71.19
HTTP/1.1 200 OK
Server: nginx
Date: Tue, 29 Mar 2016 19:05:02 GMT
Content-Type: text/plain; charset=utf-8
Connection: close
Vary: Cookie

nochg 49.79.71.19
HTTP/1.1 200 OK
Server: nginx
Date: Tue, 29 Mar 2016 19:10:01 GMT
Content-Type: text/plain; charset=utf-8
Connection: close
Vary: Cookie

nochg 49.79.71.19
HTTP/1.1 200 OK
Server: nginx
Date: Tue, 29 Mar 2016 19:15:02 GMT
Content-Type: text/plain; charset=utf-8
Connection: close
Vary: Cookie

good 49.79.71.19
HTTP/1.1 200 OK
Server: nginx
Date: Tue, 29 Mar 2016 19:20:01 GMT
Content-Type: text/plain; charset=utf-8
Connection: close
Vary: Cookie

nochg 49.79.71.19
HTTP/1.1 200 OK
Server: nginx
Date: Tue, 29 Mar 2016 19:25:01 GMT
Content-Type: text/plain; charset=utf-8
Connection: close
Vary: Cookie

nochg 49.79.71.19
HTTP/1.1 200 OK
Server: nginx
Date: Tue, 29 Mar 2016 19:30:01 GMT
Content-Type: text/plain; charset=utf-8
Connection: close
Vary: Cookie

nochg 49.79.71.19
HTTP/1.1 200 OK
Server: nginx
Date: Tue, 29 Mar 2016 19:35:02 GMT
Content-Type: text/plain; charset=utf-8
Connection: close
Vary: Cookie

nochg 49.79.71.19
HTTP/1.1 200 OK
Server: nginx
Date: Tue, 29 Mar 2016 19:40:01 GMT
Content-Type: text/plain; charset=utf-8
Connection: close
Vary: Cookie

nochg 49.79.71.19
HTTP/1.1 200 OK
Server: nginx
Date: Tue, 29 Mar 2016 19:45:02 GMT
Content-Type: text/plain; charset=utf-8
Connection: close
Vary: Cookie

nochg 49.79.71.19
HTTP/1.1 200 OK
Server: nginx
Date: Tue, 29 Mar 2016 19:50:01 GMT
Content-Type: text/plain; charset=utf-8
Connection: close
Vary: Cookie

good 49.79.71.19
HTTP/1.1 200 OK
Server: nginx
Date: Tue, 29 Mar 2016 19:55:02 GMT
Content-Type: text/plain; charset=utf-8
Connection: close
Vary: Cookie

nochg 49.79.71.19
HTTP/1.1 200 OK
Server: nginx
Date: Tue, 29 Mar 2016 20:00:01 GMT
Content-Type: text/plain; charset=utf-8
Connection: close
Vary: Cookie

nochg 49.79.71.19
HTTP/1.1 200 OK
Server: nginx
Date: Tue, 29 Mar 2016 20:05:02 GMT
Content-Type: text/plain; charset=utf-8
Connection: close
Vary: Cookie

nochg 49.79.71.19
HTTP/1.1 200 OK
Server: nginx
Date: Tue, 29 Mar 2016 20:10:01 GMT
Content-Type: text/plain; charset=utf-8
Connection: close
Vary: Cookie

nochg 49.79.71.19
HTTP/1.1 200 OK
Server: nginx
Date: Tue, 29 Mar 2016 20:15:02 GMT
Content-Type: text/plain; charset=utf-8
Connection: close
Vary: Cookie

nochg 49.79.71.19
HTTP/1.1 200 OK
Server: nginx
Date: Tue, 29 Mar 2016 20:20:01 GMT
Content-Type: text/plain; charset=utf-8
Connection: close
Vary: Cookie

nochg 49.79.71.19
HTTP/1.1 200 OK
Server: nginx
Date: Tue, 29 Mar 2016 20:25:02 GMT
Content-Type: text/plain; charset=utf-8
Connection: close
Vary: Cookie

good 49.79.71.19
HTTP/1.1 200 OK
Server: nginx
Date: Tue, 29 Mar 2016 20:30:01 GMT
Content-Type: text/plain; charset=utf-8
Connection: close
Vary: Cookie

nochg 49.79.71.19
HTTP/1.1 200 OK
Server: nginx
Date: Tue, 29 Mar 2016 20:35:02 GMT
Content-Type: text/plain; charset=utf-8
Connection: close
Vary: Cookie

nochg 49.79.71.19
HTTP/1.1 200 OK
Server: nginx
Date: Tue, 29 Mar 2016 20:40:01 GMT
Content-Type: text/plain; charset=utf-8
Connection: close
Vary: Cookie

nochg 49.79.71.19
HTTP/1.1 200 OK
Server: nginx
Date: Tue, 29 Mar 2016 20:45:02 GMT
Content-Type: text/plain; charset=utf-8
Connection: close
Vary: Cookie

nochg 49.79.71.19
HTTP/1.1 200 OK
Server: nginx
Date: Tue, 29 Mar 2016 20:50:01 GMT
Content-Type: text/plain; charset=utf-8
Connection: close
Vary: Cookie

nochg 49.79.71.19
HTTP/1.1 200 OK
Server: nginx
Date: Tue, 29 Mar 2016 20:55:02 GMT
Content-Type: text/plain; charset=utf-8
Connection: close
Vary: Cookie

nochg 49.79.71.19
HTTP/1.1 200 OK
Server: nginx
Date: Tue, 29 Mar 2016 21:00:01 GMT
Content-Type: text/plain; charset=utf-8
Connection: close
Vary: Cookie

good 49.79.71.19
HTTP/1.1 200 OK
Server: nginx
Date: Tue, 29 Mar 2016 21:05:02 GMT
Content-Type: text/plain; charset=utf-8
Connection: close
Vary: Cookie

nochg 49.79.71.19
HTTP/1.1 200 OK
Server: nginx
Date: Tue, 29 Mar 2016 21:10:01 GMT
Content-Type: text/plain; charset=utf-8
Connection: close
Vary: Cookie

nochg 49.79.71.19
HTTP/1.1 200 OK
Server: nginx
Date: Tue, 29 Mar 2016 21:15:02 GMT
Content-Type: text/plain; charset=utf-8
Connection: close
Vary: Cookie

nochg 49.79.71.19
HTTP/1.1 200 OK
Server: nginx
Date: Tue, 29 Mar 2016 21:20:01 GMT
Content-Type: text/plain; charset=utf-8
Connection: close
Vary: Cookie

nochg 49.79.71.19
HTTP/1.1 200 OK
Server: nginx
Date: Tue, 29 Mar 2016 21:25:02 GMT
Content-Type: text/plain; charset=utf-8
Connection: close
Vary: Cookie

nochg 49.79.71.19
HTTP/1.1 200 OK
Server: nginx
Date: Tue, 29 Mar 2016 21:30:01 GMT
Content-Type: text/plain; charset=utf-8
Connection: close
Vary: Cookie

nochg 49.79.71.19
HTTP/1.1 200 OK
Server: nginx
Date: Tue, 29 Mar 2016 21:35:02 GMT
Content-Type: text/plain; charset=utf-8
Connection: close
Vary: Cookie

good 49.79.71.19
HTTP/1.1 200 OK
Server: nginx
Date: Tue, 29 Mar 2016 21:40:01 GMT
Content-Type: text/plain; charset=utf-8
Connection: close
Vary: Cookie

nochg 49.79.71.19
HTTP/1.1 200 OK
Server: nginx
Date: Tue, 29 Mar 2016 21:45:02 GMT
Content-Type: text/plain; charset=utf-8
Connection: close
Vary: Cookie

nochg 49.79.71.19
HTTP/1.1 200 OK
Server: nginx
Date: Tue, 29 Mar 2016 21:50:01 GMT
Content-Type: text/plain; charset=utf-8
Connection: close
Vary: Cookie

nochg 49.79.71.19
HTTP/1.1 200 OK
Server: nginx
Date: Tue, 29 Mar 2016 21:55:02 GMT
Content-Type: text/plain; charset=utf-8
Connection: close
Vary: Cookie

nochg 49.79.71.19
HTTP/1.1 200 OK
Server: nginx
Date: Tue, 29 Mar 2016 22:00:01 GMT
Content-Type: text/plain; charset=utf-8
Connection: close
Vary: Cookie

nochg 49.79.71.19
HTTP/1.1 200 OK
Server: nginx
Date: Tue, 29 Mar 2016 22:05:01 GMT
Content-Type: text/plain; charset=utf-8
Connection: close
Vary: Cookie

nochg 49.79.71.19
HTTP/1.1 200 OK
Server: nginx
Date: Tue, 29 Mar 2016 22:10:01 GMT
Content-Type: text/plain; charset=utf-8
Connection: close
Vary: Cookie

good 49.79.71.19
HTTP/1.1 200 OK
Server: nginx
Date: Tue, 29 Mar 2016 22:15:01 GMT
Content-Type: text/plain; charset=utf-8
Connection: close
Vary: Cookie

nochg 49.79.71.19
HTTP/1.1 200 OK
Server: nginx
Date: Tue, 29 Mar 2016 22:20:01 GMT
Content-Type: text/plain; charset=utf-8
Connection: close
Vary: Cookie

nochg 49.79.71.19
HTTP/1.1 200 OK
Server: nginx
Date: Tue, 29 Mar 2016 22:25:02 GMT
Content-Type: text/plain; charset=utf-8
Connection: close
Vary: Cookie

nochg 49.79.71.19
HTTP/1.1 200 OK
Server: nginx
Date: Tue, 29 Mar 2016 22:30:02 GMT
Content-Type: text/plain; charset=utf-8
Connection: close
Vary: Cookie

nochg 49.79.71.19
HTTP/1.1 200 OK
Server: nginx
Date: Tue, 29 Mar 2016 22:35:01 GMT
Content-Type: text/plain; charset=utf-8
Connection: close
Vary: Cookie

nochg 49.79.71.19
HTTP/1.1 200 OK
Server: nginx
Date: Tue, 29 Mar 2016 22:40:02 GMT
Content-Type: text/plain; charset=utf-8
Connection: close
Vary: Cookie

good 49.79.71.19
HTTP/1.1 200 OK
Server: nginx
Date: Tue, 29 Mar 2016 22:45:01 GMT
Content-Type: text/plain; charset=utf-8
Connection: close
Vary: Cookie

nochg 49.79.71.19
HTTP/1.1 200 OK
Server: nginx
Date: Tue, 29 Mar 2016 22:50:02 GMT
Content-Type: text/plain; charset=utf-8
Connection: close
Vary: Cookie

nochg 49.79.71.19
HTTP/1.1 200 OK
Server: nginx
Date: Tue, 29 Mar 2016 22:55:01 GMT
Content-Type: text/plain; charset=utf-8
Connection: close
Vary: Cookie

nochg 49.79.71.19
HTTP/1.1 200 OK
Server: nginx
Date: Tue, 29 Mar 2016 23:00:01 GMT
Content-Type: text/plain; charset=utf-8
Connection: close
Vary: Cookie

nochg 49.79.71.19
HTTP/1.1 200 OK
Server: nginx
Date: Tue, 29 Mar 2016 23:05:01 GMT
Content-Type: text/plain; charset=utf-8
Connection: close
Vary: Cookie

nochg 49.79.71.19
HTTP/1.1 200 OK
Server: nginx
Date: Tue, 29 Mar 2016 23:10:01 GMT
Content-Type: text/plain; charset=utf-8
Connection: close
Vary: Cookie

nochg 49.79.71.19
HTTP/1.1 200 OK
Server: nginx
Date: Tue, 29 Mar 2016 23:15:02 GMT
Content-Type: text/plain; charset=utf-8
Connection: close
Vary: Cookie

good 49.79.71.19
HTTP/1.1 200 OK
Server: nginx
Date: Tue, 29 Mar 2016 23:20:02 GMT
Content-Type: text/plain; charset=utf-8
Connection: close
Vary: Cookie

nochg 49.79.71.19
HTTP/1.1 200 OK
Server: nginx
Date: Tue, 29 Mar 2016 23:25:01 GMT
Content-Type: text/plain; charset=utf-8
Connection: close
Vary: Cookie

nochg 49.79.71.19
HTTP/1.1 200 OK
Server: nginx
Date: Tue, 29 Mar 2016 23:30:02 GMT
Content-Type: text/plain; charset=utf-8
Connection: close
Vary: Cookie

nochg 49.79.71.19
HTTP/1.1 200 OK
Server: nginx
Date: Tue, 29 Mar 2016 23:35:01 GMT
Content-Type: text/plain; charset=utf-8
Connection: close
Vary: Cookie

nochg 49.79.71.19
HTTP/1.1 200 OK
Server: nginx
Date: Tue, 29 Mar 2016 23:40:01 GMT
Content-Type: text/plain; charset=utf-8
Connection: close
Vary: Cookie

nochg 49.79.71.19
HTTP/1.1 200 OK
Server: nginx
Date: Tue, 29 Mar 2016 23:45:01 GMT
Content-Type: text/plain; charset=utf-8
Connection: close
Vary: Cookie

nochg 49.79.71.19
HTTP/1.1 200 OK
Server: nginx
Date: Tue, 29 Mar 2016 23:50:01 GMT
Content-Type: text/plain; charset=utf-8
Connection: close
Vary: Cookie

good 49.79.71.19
HTTP/1.1 200 OK
Server: nginx
Date: Tue, 29 Mar 2016 23:55:02 GMT
Content-Type: text/plain; charset=utf-8
Connection: close
Vary: Cookie

nochg 49.79.71.19
HTTP/1.1 200 OK
Server: nginx
Date: Wed, 30 Mar 2016 00:00:01 GMT
Content-Type: text/plain; charset=utf-8
Connection: close
Vary: Cookie

nochg 49.79.71.19
HTTP/1.1 200 OK
Server: nginx
Date: Wed, 30 Mar 2016 00:05:02 GMT
Content-Type: text/plain; charset=utf-8
Connection: close
Vary: Cookie

nochg 49.79.71.19
HTTP/1.1 200 OK
Server: nginx
Date: Wed, 30 Mar 2016 00:10:01 GMT
Content-Type: text/plain; charset=utf-8
Connection: close
Vary: Cookie

nochg 49.79.71.19
HTTP/1.1 200 OK
Server: nginx
Date: Wed, 30 Mar 2016 00:15:02 GMT
Content-Type: text/plain; charset=utf-8
Connection: close
Vary: Cookie

nochg 49.79.71.19
HTTP/1.1 200 OK
Server: nginx
Date: Wed, 30 Mar 2016 00:20:02 GMT
Content-Type: text/plain; charset=utf-8
Connection: close
Vary: Cookie

good 49.79.71.19
HTTP/1.1 200 OK
Server: nginx
Date: Wed, 30 Mar 2016 00:25:01 GMT
Content-Type: text/plain; charset=utf-8
Connection: close
Vary: Cookie

nochg 49.79.71.19
HTTP/1.1 200 OK
Server: nginx
Date: Wed, 30 Mar 2016 00:30:02 GMT
Content-Type: text/plain; charset=utf-8
Connection: close
Vary: Cookie

nochg 49.79.71.19
HTTP/1.1 200 OK
Server: nginx
Date: Wed, 30 Mar 2016 00:35:01 GMT
Content-Type: text/plain; charset=utf-8
Connection: close
Vary: Cookie

nochg 49.79.71.19
HTTP/1.1 200 OK
Server: nginx
Date: Wed, 30 Mar 2016 00:40:02 GMT
Content-Type: text/plain; charset=utf-8
Connection: close
Vary: Cookie

nochg 49.79.71.19
HTTP/1.1 200 OK
Server: nginx
Date: Wed, 30 Mar 2016 00:45:01 GMT
Content-Type: text/plain; charset=utf-8
Connection: close
Vary: Cookie

nochg 49.79.71.19
HTTP/1.1 200 OK
Server: nginx
Date: Wed, 30 Mar 2016 06:00:02 GMT
Content-Type: text/plain; charset=utf-8
Connection: close
Vary: Cookie

good 49.79.70.10
HTTP/1.1 200 OK
Server: nginx
Date: Wed, 30 Mar 2016 06:05:02 GMT
Content-Type: text/plain; charset=utf-8
Connection: close
Vary: Cookie

nochg 49.79.70.10
HTTP/1.1 200 OK
Server: nginx
Date: Wed, 30 Mar 2016 06:10:01 GMT
Content-Type: text/plain; charset=utf-8
Connection: close
Vary: Cookie

nochg 49.79.70.10
HTTP/1.1 200 OK
Server: nginx
Date: Wed, 30 Mar 2016 06:15:01 GMT
Content-Type: text/plain; charset=utf-8
Connection: close
Vary: Cookie

nochg 49.79.70.10
HTTP/1.1 200 OK
Server: nginx
Date: Wed, 30 Mar 2016 06:20:01 GMT
Content-Type: text/plain; charset=utf-8
Connection: close
Vary: Cookie

nochg 49.79.70.10
HTTP/1.1 200 OK
Server: nginx
Date: Wed, 30 Mar 2016 06:25:02 GMT
Content-Type: text/plain; charset=utf-8
Connection: close
Vary: Cookie

nochg 49.79.70.10
HTTP/1.1 200 OK
Server: nginx
Date: Wed, 30 Mar 2016 06:30:01 GMT
Content-Type: text/plain; charset=utf-8
Connection: close
Vary: Cookie

nochg 49.79.70.10
HTTP/1.1 200 OK
Server: nginx
Date: Wed, 30 Mar 2016 06:35:02 GMT
Content-Type: text/plain; charset=utf-8
Connection: close
Vary: Cookie

good 49.79.70.10
HTTP/1.1 200 OK
Server: nginx
Date: Wed, 30 Mar 2016 06:40:01 GMT
Content-Type: text/plain; charset=utf-8
Connection: close
Vary: Cookie

nochg 49.79.70.10
HTTP/1.1 200 OK
Server: nginx
Date: Wed, 30 Mar 2016 06:45:02 GMT
Content-Type: text/plain; charset=utf-8
Connection: close
Vary: Cookie

nochg 49.79.70.10
HTTP/1.1 200 OK
Server: nginx
Date: Wed, 30 Mar 2016 06:50:01 GMT
Content-Type: text/plain; charset=utf-8
Connection: close
Vary: Cookie

nochg 49.79.70.10
HTTP/1.1 200 OK
Server: nginx
Date: Wed, 30 Mar 2016 06:55:01 GMT
Content-Type: text/plain; charset=utf-8
Connection: close
Vary: Cookie

nochg 49.79.70.10
HTTP/1.1 200 OK
Server: nginx
Date: Wed, 30 Mar 2016 07:00:01 GMT
Content-Type: text/plain; charset=utf-8
Connection: close
Vary: Cookie

nochg 49.79.70.10
HTTP/1.1 200 OK
Server: nginx
Date: Wed, 30 Mar 2016 07:05:01 GMT
Content-Type: text/plain; charset=utf-8
Connection: close
Vary: Cookie

nochg 49.79.70.10
